#
# A fatal error has been detected by the Java Runtime Environment:
#
#  Internal Error (javaClasses.cpp:136), pid=3476, tid=4452
#  fatal error: Invalid layout of preloaded class
#
# JRE version:  (7.0_45-b18) (build )
# Java VM: Java HotSpot(TM) 64-Bit Server VM (24.45-b08 mixed mode windows-amd64 compressed oops)
# Failed to write core dump. Minidumps are not enabled by default on client versions of Windows
#
# If you would like to submit a bug report, please visit:
#   http://bugreport.sun.com/bugreport/crash.jsp
#

---------------  T H R E A D  ---------------

Current thread (0x000000000211e800):  JavaThread "Unknown thread" [_thread_in_vm, id=4452, stack(0x0000000002250000,0x0000000002350000)]

Stack: [0x0000000002250000,0x0000000002350000]

---------------  P R O C E S S  ---------------

Java Threads: ( => current thread )

Other Threads:

=>0x000000000211e800 (exited) JavaThread "Unknown thread" [_thread_in_vm, id=4452, stack(0x0000000002250000,0x0000000002350000)]

VM state:not at safepoint (not fully initialized)

VM Mutex/Monitor currently owned by a thread: None

GC Heap History (0 events):
No events

Deoptimization events (0 events):
No events

Internal exceptions (0 events):
No events

Events (10 events):
Event: 0.015 loading class 0x000000000219cc70 done
Event: 0.015 loading class 0x000000000219c690 done
Event: 0.015 loading class 0x000000000219c670
Event: 0.015 loading class 0x00000000021a4770
Event: 0.016 loading class 0x00000000021a4770 done
Event: 0.016 loading class 0x00000000021a47a0
Event: 0.016 loading class 0x00000000021a47a0 done
Event: 0.016 loading class 0x00000000021a47d0
Event: 0.016 loading class 0x00000000021a47d0 done
Event: 0.016 loading class 0x000000000219c670 done


Dynamic libraries:
0x000000013f880000 - 0x000000013f8b3000 	D:\Java\jdk1.7.0_45\bin\javaw.exe
0x00000000779d0000 - 0x0000000077b79000 	C:\Windows\SYSTEM32\ntdll.dll
0x00000000777b0000 - 0x00000000778cf000 	C:\Windows\system32\kernel32.dll
0x000007fefda10000 - 0x000007fefda7c000 	C:\Windows\system32\KERNELBASE.dll
0x000007feff3d0000 - 0x000007feff4ab000 	C:\Windows\system32\ADVAPI32.dll
0x000007feff4c0000 - 0x000007feff55f000 	C:\Windows\system32\msvcrt.dll
0x000007feff3b0000 - 0x000007feff3cf000 	C:\Windows\SYSTEM32\sechost.dll
0x000007feff280000 - 0x000007feff3ad000 	C:\Windows\system32\RPCRT4.dll
0x00000000778d0000 - 0x00000000779ca000 	C:\Windows\system32\USER32.dll
0x000007fefe300000 - 0x000007fefe367000 	C:\Windows\system32\GDI32.dll
0x000007feff7f0000 - 0x000007feff7fe000 	C:\Windows\system32\LPK.dll
0x000007feffa40000 - 0x000007feffb09000 	C:\Windows\system32\USP10.dll
0x000007fefc2c0000 - 0x000007fefc4b4000 	C:\Windows\WinSxS\amd64_microsoft.windows.common-controls_6595b64144ccf1df_6.0.7601.17514_none_fa396087175ac9ac\COMCTL32.dll
0x000007feff560000 - 0x000007feff5d1000 	C:\Windows\system32\SHLWAPI.dll
0x000007fefe370000 - 0x000007fefe39e000 	C:\Windows\system32\IMM32.DLL
0x000007fefde30000 - 0x000007fefdf39000 	C:\Windows\system32\MSCTF.dll
0x000000006f300000 - 0x000000006f3d2000 	D:\Java\jdk1.7.0_45\jre\bin\msvcr100.dll
0x00000000604e0000 - 0x0000000060ca9000 	D:\Java\jdk1.7.0_45\jre\bin\server\jvm.dll
0x000007fefa150000 - 0x000007fefa159000 	C:\Windows\system32\WSOCK32.dll
0x000007feffb10000 - 0x000007feffb5d000 	C:\Windows\system32\WS2_32.dll
0x000007feff4b0000 - 0x000007feff4b8000 	C:\Windows\system32\NSI.dll
0x000007fefb960000 - 0x000007fefb99b000 	C:\Windows\system32\WINMM.dll
0x0000000077b90000 - 0x0000000077b97000 	C:\Windows\system32\PSAPI.DLL
0x000000006f2f0000 - 0x000000006f2ff000 	D:\Java\jdk1.7.0_45\jre\bin\verify.dll
0x000000006f2c0000 - 0x000000006f2e8000 	D:\Java\jdk1.7.0_45\jre\bin\java.dll
0x000000006f2a0000 - 0x000000006f2b5000 	D:\Java\jdk1.7.0_45\jre\bin\zip.dll

VM Arguments:
jvm_args: -Dfile.encoding=UTF-8 -Xbootclasspath:D:\android-sdk-windows\platforms\android-19\android.jar 
java_command: com.dixon.game.ddz.android.Test
Launcher Type: SUN_STANDARD

Environment Variables:
JAVA_HOME=D:\Java\jdk1.7.0_45
CLASSPATH=.;D:\Java\jdk1.7.0_45\lib\dt.jar;D:\Java\jdk1.7.0_45\lib\tools.jar;
PATH=C:\Program Files (x86)\Common Files\NetSarang;C:\Program Files (x86)\NVIDIA Corporation\PhysX\Common;C:\Windows\system32;C:\Windows;C:\Windows\System32\Wbem;C:\Windows\System32\WindowsPowerShell\v1.0\;D:\Java\jdk1.7.0_45\bin;D:\Java\jdk1.7.0_45\jre\bin;C:\Program Files (x86)\Common Files\Ulead Systems\MPEG;D:\Java\apache-ant-1.9.2\bin;D:\Java\apache-ant-1.9.2\lib;C:\Program Files (x86)\Microsoft SQL Server\100\Tools\Binn\;C:\Program Files\Microsoft SQL Server\100\Tools\Binn\;C:\Program Files\Microsoft SQL Server\100\DTS\Binn\;D:\Java\jdk1.7.0_45\bin;D:\Java\jdk1.7.0_45\jre\bin;D:\Java\apache-maven-3.0.4\bin;D:\android-sdk-windows\tools;D:\android-sdk-windows\platform-tools;D:\nodejs\;D:\scala\bin;D:\TortoiseSVN\bin
USERNAME=Administrator
OS=Windows_NT
PROCESSOR_IDENTIFIER=Intel64 Family 6 Model 37 Stepping 5, GenuineIntel



---------------  S Y S T E M  ---------------

OS: Windows 7 , 64 bit Build 7601 Service Pack 1

CPU:total 4 (2 cores per cpu, 2 threads per core) family 6 model 37 stepping 5, cmov, cx8, fxsr, mmx, sse, sse2, sse3, ssse3, sse4.1, sse4.2, popcnt, ht, tsc, tscinvbit

Memory: 4k page, physical 4053864k(637124k free), swap 8105876k(1959312k free)

vm_info: Java HotSpot(TM) 64-Bit Server VM (24.45-b08) for windows-amd64 JRE (1.7.0_45-b18), built on Oct  8 2013 05:47:22 by "java_re" with unknown MS VC++:1600

time: Sat Sep 20 13:26:07 2014
elapsed time: 0 seconds

